<?xml version="1.0" encoding="UTF-8"?>
<!-- Generated by org.testng.reporters.JUnitXMLReporter -->
<testsuite ignored="0" hostname="DESKTOP-OU8JFJA" failures="2" tests="3" name="Holiday_Activities_Search_Test" time="134.603" errors="0" timestamp="13 Mar 2020 05:26:38 GMT">
  <testcase classname="com.w2a.base.SetupAndTearDown" name="@BeforeMethod setUp" time="16.402">
    <failure type="org.openqa.selenium.SessionNotCreatedException" message="session not created
from chrome not reachable
  (Session info: chrome=80.0.3987.132)
Build info: version: &amp;apos;3.13.0&amp;apos;, revision: &amp;apos;2f0d292&amp;apos;, time: &amp;apos;2018-06-25T15:24:21.231Z&amp;apos;
System info: host: &amp;apos;DESKTOP-OU8JFJA&amp;apos;, ip: &amp;apos;192.168.1.6&amp;apos;, os.name: &amp;apos;Windows 10&amp;apos;, os.arch: &amp;apos;amd64&amp;apos;, os.version: &amp;apos;10.0&amp;apos;, java.version: &amp;apos;9.0.4&amp;apos;
Driver info: driver.version: ChromeDriver
remote stacktrace: Backtrace:
	Ordinal0 [0x00550AE3+1706723]
	Ordinal0 [0x004B68C1+1075393]
	Ordinal0 [0x0042DE52+515666]
	Ordinal0 [0x00427C88+490632]
	Ordinal0 [0x0042837B+492411]
	Ordinal0 [0x004292D5+496341]
	Ordinal0 [0x00424EE5+478949]
	Ordinal0 [0x0042EC80+519296]
	Ordinal0 [0x003DCA67+182887]
	Ordinal0 [0x003DBDDD+179677]
	Ordinal0 [0x003D9D4B+171339]
	Ordinal0 [0x003C1D4A+73034]
	Ordinal0 [0x003C2DC0+77248]
	Ordinal0 [0x003C2D59+77145]
	Ordinal0 [0x004CBB37+1162039]
	GetHandleVerifier [0x005EA7C6+508998]
	GetHandleVerifier [0x005EA504+508292]
	GetHandleVerifier [0x005FF617+594583]
	GetHandleVerifier [0x005EB036+511158]
	Ordinal0 [0x004C3FFC+1130492]
	Ordinal0 [0x004CD49B+1168539]
	Ordinal0 [0x004CD603+1168899]
	Ordinal0 [0x004E5B05+1268485]
	BaseThreadInitThunk [0x75396359+25]
	RtlGetAppContainerNamedObjectPath [0x77BF7B74+228]
	RtlGetAppContainerNamedObjectPath [0x77BF7B44+180]
">
      <![CDATA[org.openqa.selenium.SessionNotCreatedException: session not created
from chrome not reachable
  (Session info: chrome=80.0.3987.132)
Build info: version: '3.13.0', revision: '2f0d292', time: '2018-06-25T15:24:21.231Z'
System info: host: 'DESKTOP-OU8JFJA', ip: '192.168.1.6', os.name: 'Windows 10', os.arch: 'amd64', os.version: '10.0', java.version: '9.0.4'
Driver info: driver.version: ChromeDriver
remote stacktrace: Backtrace:
Ordinal0 [0x00550AE3+1706723]
Ordinal0 [0x004B68C1+1075393]
Ordinal0 [0x0042DE52+515666]
Ordinal0 [0x00427C88+490632]
Ordinal0 [0x0042837B+492411]
Ordinal0 [0x004292D5+496341]
Ordinal0 [0x00424EE5+478949]
Ordinal0 [0x0042EC80+519296]
Ordinal0 [0x003DCA67+182887]
Ordinal0 [0x003DBDDD+179677]
Ordinal0 [0x003D9D4B+171339]
Ordinal0 [0x003C1D4A+73034]
Ordinal0 [0x003C2DC0+77248]
Ordinal0 [0x003C2D59+77145]
Ordinal0 [0x004CBB37+1162039]
GetHandleVerifier [0x005EA7C6+508998]
GetHandleVerifier [0x005EA504+508292]
GetHandleVerifier [0x005FF617+594583]
GetHandleVerifier [0x005EB036+511158]
Ordinal0 [0x004C3FFC+1130492]
Ordinal0 [0x004CD49B+1168539]
Ordinal0 [0x004CD603+1168899]
Ordinal0 [0x004E5B05+1268485]
BaseThreadInitThunk [0x75396359+25]
RtlGetAppContainerNamedObjectPath [0x77BF7B74+228]
RtlGetAppContainerNamedObjectPath [0x77BF7B44+180]

at org.openqa.selenium.remote.W3CHandshakeResponse.lambda$new$0(W3CHandshakeResponse.java:57)
at org.openqa.selenium.remote.W3CHandshakeResponse.lambda$getResponseFunction$2(W3CHandshakeResponse.java:104)
at org.openqa.selenium.remote.ProtocolHandshake.lambda$createSession$0(ProtocolHandshake.java:123)
at java.base/java.util.stream.ReferencePipeline$3$1.accept(ReferencePipeline.java:195)
at java.base/java.util.Spliterators$ArraySpliterator.tryAdvance(Spliterators.java:958)
at java.base/java.util.stream.ReferencePipeline.forEachWithCancel(ReferencePipeline.java:127)
at java.base/java.util.stream.AbstractPipeline.copyIntoWithCancel(AbstractPipeline.java:502)
at java.base/java.util.stream.AbstractPipeline.copyInto(AbstractPipeline.java:488)
at java.base/java.util.stream.AbstractPipeline.wrapAndCopyInto(AbstractPipeline.java:474)
at java.base/java.util.stream.FindOps$FindOp.evaluateSequential(FindOps.java:152)
at java.base/java.util.stream.AbstractPipeline.evaluate(AbstractPipeline.java:234)
at java.base/java.util.stream.ReferencePipeline.findFirst(ReferencePipeline.java:476)
at org.openqa.selenium.remote.ProtocolHandshake.createSession(ProtocolHandshake.java:126)
at org.openqa.selenium.remote.ProtocolHandshake.createSession(ProtocolHandshake.java:73)
at org.openqa.selenium.remote.HttpCommandExecutor.execute(HttpCommandExecutor.java:136)
at org.openqa.selenium.remote.service.DriverCommandExecutor.execute(DriverCommandExecutor.java:83)
at org.openqa.selenium.remote.RemoteWebDriver.execute(RemoteWebDriver.java:548)
at org.openqa.selenium.remote.RemoteWebDriver.startSession(RemoteWebDriver.java:212)
at org.openqa.selenium.remote.RemoteWebDriver.<init>(RemoteWebDriver.java:130)
at org.openqa.selenium.chrome.ChromeDriver.<init>(ChromeDriver.java:181)
at org.openqa.selenium.chrome.ChromeDriver.<init>(ChromeDriver.java:168)
at org.openqa.selenium.chrome.ChromeDriver.<init>(ChromeDriver.java:157)
at com.w2a.base.Page.initConfiguration(Page.java:51)
at com.w2a.base.SetupAndTearDown.setUp(SetupAndTearDown.java:10)
... Removed 33 stack frames]]>
    </failure>
  </testcase> <!-- @BeforeMethod setUp -->
  <testcase classname="com.w2a.base.SetupAndTearDown" name="@AfterMethod quitBrowser" time="0.0">
    <skipped/>
  </testcase> <!-- @AfterMethod quitBrowser -->
  <testcase classname="com.w2a.testcases.holiday_activities_search.HAS001_001_Holiday_Activities_Search_Only" name="HAS001_003_searchActivities" time="34.729">
    <failure type="org.openqa.selenium.NoSuchElementException" message="no such element: Unable to locate element: {&amp;quot;method&amp;quot;:&amp;quot;css selector&amp;quot;,&amp;quot;selector&amp;quot;:&amp;quot;#activity\-start\-hp\-activity&amp;quot;}
  (Session info: chrome=80.0.3987.132)
For documentation on this error, please visit: http://seleniumhq.org/exceptions/no_such_element.html
Build info: version: &amp;apos;3.13.0&amp;apos;, revision: &amp;apos;2f0d292&amp;apos;, time: &amp;apos;2018-06-25T15:24:21.231Z&amp;apos;
System info: host: &amp;apos;DESKTOP-OU8JFJA&amp;apos;, ip: &amp;apos;192.168.1.6&amp;apos;, os.name: &amp;apos;Windows 10&amp;apos;, os.arch: &amp;apos;amd64&amp;apos;, os.version: &amp;apos;10.0&amp;apos;, java.version: &amp;apos;9.0.4&amp;apos;
Driver info: org.openqa.selenium.chrome.ChromeDriver
Capabilities {acceptInsecureCerts: false, browserName: chrome, browserVersion: 80.0.3987.132, chrome: {chromedriverVersion: 80.0.3987.16 (320f6526c1632..., userDataDir: C:\Users\User\AppData\Local...}, goog:chromeOptions: {debuggerAddress: localhost:55050}, javascriptEnabled: true, networkConnectionEnabled: false, pageLoadStrategy: normal, platform: WINDOWS, platformName: WINDOWS, proxy: Proxy(), setWindowRect: true, strictFileInteractability: false, timeouts: {implicit: 0, pageLoad: 300000, script: 30000}, unhandledPromptBehavior: dismiss and notify}
Session ID: f668ea6ddcdad0f2beb4aa3b77d992b3
*** Element info: {Using=id, value=activity-start-hp-activity}">
      <![CDATA[org.openqa.selenium.NoSuchElementException: no such element: Unable to locate element: {"method":"css selector","selector":"#activity\-start\-hp\-activity"}
  (Session info: chrome=80.0.3987.132)
For documentation on this error, please visit: http://seleniumhq.org/exceptions/no_such_element.html
Build info: version: '3.13.0', revision: '2f0d292', time: '2018-06-25T15:24:21.231Z'
System info: host: 'DESKTOP-OU8JFJA', ip: '192.168.1.6', os.name: 'Windows 10', os.arch: 'amd64', os.version: '10.0', java.version: '9.0.4'
Driver info: org.openqa.selenium.chrome.ChromeDriver
Capabilities {acceptInsecureCerts: false, browserName: chrome, browserVersion: 80.0.3987.132, chrome: {chromedriverVersion: 80.0.3987.16 (320f6526c1632..., userDataDir: C:\Users\User\AppData\Local...}, goog:chromeOptions: {debuggerAddress: localhost:55050}, javascriptEnabled: true, networkConnectionEnabled: false, pageLoadStrategy: normal, platform: WINDOWS, platformName: WINDOWS, proxy: Proxy(), setWindowRect: true, strictFileInteractability: false, timeouts: {implicit: 0, pageLoad: 300000, script: 30000}, unhandledPromptBehavior: dismiss and notify}
Session ID: f668ea6ddcdad0f2beb4aa3b77d992b3
*** Element info: {Using=id, value=activity-start-hp-activity}
at org.openqa.selenium.remote.http.W3CHttpResponseCodec.createException(W3CHttpResponseCodec.java:187)
at org.openqa.selenium.remote.http.W3CHttpResponseCodec.decode(W3CHttpResponseCodec.java:122)
at org.openqa.selenium.remote.http.W3CHttpResponseCodec.decode(W3CHttpResponseCodec.java:49)
at org.openqa.selenium.remote.HttpCommandExecutor.execute(HttpCommandExecutor.java:158)
at org.openqa.selenium.remote.service.DriverCommandExecutor.execute(DriverCommandExecutor.java:83)
at org.openqa.selenium.remote.RemoteWebDriver.execute(RemoteWebDriver.java:548)
at org.openqa.selenium.remote.RemoteWebDriver.findElement(RemoteWebDriver.java:322)
at org.openqa.selenium.remote.RemoteWebDriver.findElementById(RemoteWebDriver.java:368)
at org.openqa.selenium.By$ById.findElement(By.java:188)
at org.openqa.selenium.remote.RemoteWebDriver.findElement(RemoteWebDriver.java:314)
at org.openqa.selenium.support.pagefactory.DefaultElementLocator.findElement(DefaultElementLocator.java:69)
at org.openqa.selenium.support.pagefactory.internal.LocatingElementHandler.invoke(LocatingElementHandler.java:38)
at com.sun.proxy.$Proxy13.click(Unknown Source)
at com.w2a.base.Page.clearDate(Page.java:70)
at com.w2a.pages.actions.HolidayActivitiesHomePage.bookAnActivity(HolidayActivitiesHomePage.java:26)
at com.w2a.testcases.holiday_activities_search.HAS001_001_Holiday_Activities_Search_Only.HAS001_003_searchActivities(HAS001_001_Holiday_Activities_Search_Only.java:16)
... Removed 30 stack frames]]>
    </failure>
  </testcase> <!-- HAS001_003_searchActivities -->
  <testcase classname="com.w2a.testcases.holiday_activities_search.HAS001_002_Holiday_Activities_Search_Only" name="HAS001_002_searchActivities" time="0.0">
    <skipped/>
  </testcase> <!-- HAS001_002_searchActivities -->
  <testcase classname="com.w2a.testcases.holiday_activities_search.HAS001_003_Holiday_Activities_Search_Only" name="HAS001_001_searchActivities" time="33.012">
    <failure type="org.openqa.selenium.NoSuchElementException" message="no such element: Unable to locate element: {&amp;quot;method&amp;quot;:&amp;quot;css selector&amp;quot;,&amp;quot;selector&amp;quot;:&amp;quot;#gcw\-activities\-form\-hp\-activity&amp;quot;}
  (Session info: chrome=80.0.3987.132)
For documentation on this error, please visit: http://seleniumhq.org/exceptions/no_such_element.html
Build info: version: &amp;apos;3.13.0&amp;apos;, revision: &amp;apos;2f0d292&amp;apos;, time: &amp;apos;2018-06-25T15:24:21.231Z&amp;apos;
System info: host: &amp;apos;DESKTOP-OU8JFJA&amp;apos;, ip: &amp;apos;192.168.1.6&amp;apos;, os.name: &amp;apos;Windows 10&amp;apos;, os.arch: &amp;apos;amd64&amp;apos;, os.version: &amp;apos;10.0&amp;apos;, java.version: &amp;apos;9.0.4&amp;apos;
Driver info: org.openqa.selenium.chrome.ChromeDriver
Capabilities {acceptInsecureCerts: false, browserName: chrome, browserVersion: 80.0.3987.132, chrome: {chromedriverVersion: 80.0.3987.16 (320f6526c1632..., userDataDir: C:\Users\User\AppData\Local...}, goog:chromeOptions: {debuggerAddress: localhost:55272}, javascriptEnabled: true, networkConnectionEnabled: false, pageLoadStrategy: normal, platform: WINDOWS, platformName: WINDOWS, proxy: Proxy(), setWindowRect: true, strictFileInteractability: false, timeouts: {implicit: 0, pageLoad: 300000, script: 30000}, unhandledPromptBehavior: dismiss and notify}
Session ID: 694bbbc1fa10d8ea8b4e5cd0f9172d85
*** Element info: {Using=id, value=gcw-activities-form-hp-activity}">
      <![CDATA[org.openqa.selenium.NoSuchElementException: no such element: Unable to locate element: {"method":"css selector","selector":"#gcw\-activities\-form\-hp\-activity"}
  (Session info: chrome=80.0.3987.132)
For documentation on this error, please visit: http://seleniumhq.org/exceptions/no_such_element.html
Build info: version: '3.13.0', revision: '2f0d292', time: '2018-06-25T15:24:21.231Z'
System info: host: 'DESKTOP-OU8JFJA', ip: '192.168.1.6', os.name: 'Windows 10', os.arch: 'amd64', os.version: '10.0', java.version: '9.0.4'
Driver info: org.openqa.selenium.chrome.ChromeDriver
Capabilities {acceptInsecureCerts: false, browserName: chrome, browserVersion: 80.0.3987.132, chrome: {chromedriverVersion: 80.0.3987.16 (320f6526c1632..., userDataDir: C:\Users\User\AppData\Local...}, goog:chromeOptions: {debuggerAddress: localhost:55272}, javascriptEnabled: true, networkConnectionEnabled: false, pageLoadStrategy: normal, platform: WINDOWS, platformName: WINDOWS, proxy: Proxy(), setWindowRect: true, strictFileInteractability: false, timeouts: {implicit: 0, pageLoad: 300000, script: 30000}, unhandledPromptBehavior: dismiss and notify}
Session ID: 694bbbc1fa10d8ea8b4e5cd0f9172d85
*** Element info: {Using=id, value=gcw-activities-form-hp-activity}
at org.openqa.selenium.remote.http.W3CHttpResponseCodec.createException(W3CHttpResponseCodec.java:187)
at org.openqa.selenium.remote.http.W3CHttpResponseCodec.decode(W3CHttpResponseCodec.java:122)
at org.openqa.selenium.remote.http.W3CHttpResponseCodec.decode(W3CHttpResponseCodec.java:49)
at org.openqa.selenium.remote.HttpCommandExecutor.execute(HttpCommandExecutor.java:158)
at org.openqa.selenium.remote.service.DriverCommandExecutor.execute(DriverCommandExecutor.java:83)
at org.openqa.selenium.remote.RemoteWebDriver.execute(RemoteWebDriver.java:548)
at org.openqa.selenium.remote.RemoteWebDriver.findElement(RemoteWebDriver.java:322)
at org.openqa.selenium.remote.RemoteWebDriver.findElementById(RemoteWebDriver.java:368)
at org.openqa.selenium.By$ById.findElement(By.java:188)
at org.openqa.selenium.remote.RemoteWebDriver.findElement(RemoteWebDriver.java:314)
at org.openqa.selenium.support.pagefactory.DefaultElementLocator.findElement(DefaultElementLocator.java:69)
at org.openqa.selenium.support.pagefactory.internal.LocatingElementHandler.invoke(LocatingElementHandler.java:38)
at com.sun.proxy.$Proxy13.submit(Unknown Source)
at com.w2a.pages.actions.HolidayActivitiesHomePage.bookAnActivity(HolidayActivitiesHomePage.java:34)
at com.w2a.testcases.holiday_activities_search.HAS001_003_Holiday_Activities_Search_Only.HAS001_001_searchActivities(HAS001_003_Holiday_Activities_Search_Only.java:16)
... Removed 30 stack frames]]>
    </failure>
  </testcase> <!-- HAS001_001_searchActivities -->
</testsuite> <!-- Holiday_Activities_Search_Test -->
