<?xml version="1.0" encoding="UTF-8"?>
<!-- Generated by org.testng.reporters.JUnitXMLReporter -->
<testsuite ignored="0" hostname="DESKTOP-OU8JFJA" failures="2" tests="3" name="Holiday_Activities_Search_Test" time="134.059" errors="0" timestamp="12 Mar 2020 06:14:20 GMT">
  <testcase classname="com.w2a.testcases.holiday_activities_search.HAS001_001_Holiday_Activities_Search_Only" name="CHS001_001_searchByDepartingAndDesitnationAndDepartingDateAndReturnDateAnd7Travellers" time="38.808">
    <failure type="org.openqa.selenium.NoSuchElementException" message="no such element: Unable to locate element: {&amp;quot;method&amp;quot;:&amp;quot;css selector&amp;quot;,&amp;quot;selector&amp;quot;:&amp;quot;#gcw\-activities\-form\-hp\-activity&amp;quot;}
  (Session info: chrome=80.0.3987.132)
For documentation on this error, please visit: http://seleniumhq.org/exceptions/no_such_element.html
Build info: version: &amp;apos;3.13.0&amp;apos;, revision: &amp;apos;2f0d292&amp;apos;, time: &amp;apos;2018-06-25T15:24:21.231Z&amp;apos;
System info: host: &amp;apos;DESKTOP-OU8JFJA&amp;apos;, ip: &amp;apos;192.168.1.6&amp;apos;, os.name: &amp;apos;Windows 10&amp;apos;, os.arch: &amp;apos;amd64&amp;apos;, os.version: &amp;apos;10.0&amp;apos;, java.version: &amp;apos;9.0.4&amp;apos;
Driver info: org.openqa.selenium.chrome.ChromeDriver
Capabilities {acceptInsecureCerts: false, browserName: chrome, browserVersion: 80.0.3987.132, chrome: {chromedriverVersion: 80.0.3987.16 (320f6526c1632..., userDataDir: C:\Users\User\AppData\Local...}, goog:chromeOptions: {debuggerAddress: localhost:56258}, javascriptEnabled: true, networkConnectionEnabled: false, pageLoadStrategy: normal, platform: WINDOWS, platformName: WINDOWS, proxy: Proxy(), setWindowRect: true, strictFileInteractability: false, timeouts: {implicit: 0, pageLoad: 300000, script: 30000}, unhandledPromptBehavior: dismiss and notify}
Session ID: f4c95f06f312bd735eea47c79d39bd92
*** Element info: {Using=id, value=gcw-activities-form-hp-activity}">
      <![CDATA[org.openqa.selenium.NoSuchElementException: no such element: Unable to locate element: {"method":"css selector","selector":"#gcw\-activities\-form\-hp\-activity"}
  (Session info: chrome=80.0.3987.132)
For documentation on this error, please visit: http://seleniumhq.org/exceptions/no_such_element.html
Build info: version: '3.13.0', revision: '2f0d292', time: '2018-06-25T15:24:21.231Z'
System info: host: 'DESKTOP-OU8JFJA', ip: '192.168.1.6', os.name: 'Windows 10', os.arch: 'amd64', os.version: '10.0', java.version: '9.0.4'
Driver info: org.openqa.selenium.chrome.ChromeDriver
Capabilities {acceptInsecureCerts: false, browserName: chrome, browserVersion: 80.0.3987.132, chrome: {chromedriverVersion: 80.0.3987.16 (320f6526c1632..., userDataDir: C:\Users\User\AppData\Local...}, goog:chromeOptions: {debuggerAddress: localhost:56258}, javascriptEnabled: true, networkConnectionEnabled: false, pageLoadStrategy: normal, platform: WINDOWS, platformName: WINDOWS, proxy: Proxy(), setWindowRect: true, strictFileInteractability: false, timeouts: {implicit: 0, pageLoad: 300000, script: 30000}, unhandledPromptBehavior: dismiss and notify}
Session ID: f4c95f06f312bd735eea47c79d39bd92
*** Element info: {Using=id, value=gcw-activities-form-hp-activity}
at org.openqa.selenium.remote.http.W3CHttpResponseCodec.createException(W3CHttpResponseCodec.java:187)
at org.openqa.selenium.remote.http.W3CHttpResponseCodec.decode(W3CHttpResponseCodec.java:122)
at org.openqa.selenium.remote.http.W3CHttpResponseCodec.decode(W3CHttpResponseCodec.java:49)
at org.openqa.selenium.remote.HttpCommandExecutor.execute(HttpCommandExecutor.java:158)
at org.openqa.selenium.remote.service.DriverCommandExecutor.execute(DriverCommandExecutor.java:83)
at org.openqa.selenium.remote.RemoteWebDriver.execute(RemoteWebDriver.java:548)
at org.openqa.selenium.remote.RemoteWebDriver.findElement(RemoteWebDriver.java:322)
at org.openqa.selenium.remote.RemoteWebDriver.findElementById(RemoteWebDriver.java:368)
at org.openqa.selenium.By$ById.findElement(By.java:188)
at org.openqa.selenium.remote.RemoteWebDriver.findElement(RemoteWebDriver.java:314)
at org.openqa.selenium.support.pagefactory.DefaultElementLocator.findElement(DefaultElementLocator.java:69)
at org.openqa.selenium.support.pagefactory.internal.LocatingElementHandler.invoke(LocatingElementHandler.java:38)
at com.sun.proxy.$Proxy13.submit(Unknown Source)
at com.w2a.pages.actions.HolidayActivitiesHomePage.bookAnActivity(HolidayActivitiesHomePage.java:39)
at com.w2a.testcases.holiday_activities_search.HAS001_001_Holiday_Activities_Search_Only.CHS001_001_searchByDepartingAndDesitnationAndDepartingDateAndReturnDateAnd7Travellers(HAS001_001_Holiday_Activities_Search_Only.java:16)
... Removed 29 stack frames]]>
    </failure>
  </testcase> <!-- CHS001_001_searchByDepartingAndDesitnationAndDepartingDateAndReturnDateAnd7Travellers -->
  <testcase classname="com.w2a.testcases.holiday_activities_search.HAS001_002_Holiday_Activities_Search_Only" name="CHS001_001_searchByDepartingAndDesitnationAndDepartingDateAndReturnDateAnd7Travellers" time="3.959">
    <failure type="org.openqa.selenium.ElementClickInterceptedException" message="element click intercepted: Element &amp;lt;input id=&amp;quot;activity-start-hp-activity&amp;quot; class=&amp;quot;text datepicker-trigger-input gcw-storeable gcw-start-date gcw-valid-date-or-empty&amp;quot; type=&amp;quot;text&amp;quot; placeholder=&amp;quot;dd/mm/yyyy&amp;quot; data-gcw-date-format=&amp;quot;dd/mm/yyyy&amp;quot; autocomplete=&amp;quot;off&amp;quot; data-min-range-length=&amp;quot;0&amp;quot; data-gcw-storeable-name=&amp;quot;gcw-start-date&amp;quot; name=&amp;quot;&amp;quot; aria-invalid=&amp;quot;false&amp;quot;&amp;gt; is not clickable at point (204, 403). Other element would receive the click: &amp;lt;fl&amp;gt;...&amp;lt;/fl&amp;gt;
  (Session info: chrome=80.0.3987.132)
Build info: version: &amp;apos;3.13.0&amp;apos;, revision: &amp;apos;2f0d292&amp;apos;, time: &amp;apos;2018-06-25T15:24:21.231Z&amp;apos;
System info: host: &amp;apos;DESKTOP-OU8JFJA&amp;apos;, ip: &amp;apos;192.168.1.6&amp;apos;, os.name: &amp;apos;Windows 10&amp;apos;, os.arch: &amp;apos;amd64&amp;apos;, os.version: &amp;apos;10.0&amp;apos;, java.version: &amp;apos;9.0.4&amp;apos;
Driver info: org.openqa.selenium.chrome.ChromeDriver
Capabilities {acceptInsecureCerts: false, browserName: chrome, browserVersion: 80.0.3987.132, chrome: {chromedriverVersion: 80.0.3987.16 (320f6526c1632..., userDataDir: C:\Users\User\AppData\Local...}, goog:chromeOptions: {debuggerAddress: localhost:56509}, javascriptEnabled: true, networkConnectionEnabled: false, pageLoadStrategy: normal, platform: WINDOWS, platformName: WINDOWS, proxy: Proxy(), setWindowRect: true, strictFileInteractability: false, timeouts: {implicit: 0, pageLoad: 300000, script: 30000}, unhandledPromptBehavior: dismiss and notify}
Session ID: dd500519bc66fb795393789f1ceaff57">
      <![CDATA[org.openqa.selenium.ElementClickInterceptedException: element click intercepted: Element <input id="activity-start-hp-activity" class="text datepicker-trigger-input gcw-storeable gcw-start-date gcw-valid-date-or-empty" type="text" placeholder="dd/mm/yyyy" data-gcw-date-format="dd/mm/yyyy" autocomplete="off" data-min-range-length="0" data-gcw-storeable-name="gcw-start-date" name="" aria-invalid="false"> is not clickable at point (204, 403). Other element would receive the click: <fl>...</fl>
  (Session info: chrome=80.0.3987.132)
Build info: version: '3.13.0', revision: '2f0d292', time: '2018-06-25T15:24:21.231Z'
System info: host: 'DESKTOP-OU8JFJA', ip: '192.168.1.6', os.name: 'Windows 10', os.arch: 'amd64', os.version: '10.0', java.version: '9.0.4'
Driver info: org.openqa.selenium.chrome.ChromeDriver
Capabilities {acceptInsecureCerts: false, browserName: chrome, browserVersion: 80.0.3987.132, chrome: {chromedriverVersion: 80.0.3987.16 (320f6526c1632..., userDataDir: C:\Users\User\AppData\Local...}, goog:chromeOptions: {debuggerAddress: localhost:56509}, javascriptEnabled: true, networkConnectionEnabled: false, pageLoadStrategy: normal, platform: WINDOWS, platformName: WINDOWS, proxy: Proxy(), setWindowRect: true, strictFileInteractability: false, timeouts: {implicit: 0, pageLoad: 300000, script: 30000}, unhandledPromptBehavior: dismiss and notify}
Session ID: dd500519bc66fb795393789f1ceaff57
at org.openqa.selenium.remote.http.W3CHttpResponseCodec.createException(W3CHttpResponseCodec.java:187)
at org.openqa.selenium.remote.http.W3CHttpResponseCodec.decode(W3CHttpResponseCodec.java:122)
at org.openqa.selenium.remote.http.W3CHttpResponseCodec.decode(W3CHttpResponseCodec.java:49)
at org.openqa.selenium.remote.HttpCommandExecutor.execute(HttpCommandExecutor.java:158)
at org.openqa.selenium.remote.service.DriverCommandExecutor.execute(DriverCommandExecutor.java:83)
at org.openqa.selenium.remote.RemoteWebDriver.execute(RemoteWebDriver.java:548)
at org.openqa.selenium.remote.RemoteWebElement.execute(RemoteWebElement.java:276)
at org.openqa.selenium.remote.RemoteWebElement.click(RemoteWebElement.java:83)
at org.openqa.selenium.support.pagefactory.internal.LocatingElementHandler.invoke(LocatingElementHandler.java:51)
at com.sun.proxy.$Proxy13.click(Unknown Source)
at com.w2a.base.Page.clearDate(Page.java:65)
at com.w2a.pages.actions.HolidayActivitiesHomePage.bookAnActivity(HolidayActivitiesHomePage.java:31)
at com.w2a.testcases.holiday_activities_search.HAS001_002_Holiday_Activities_Search_Only.CHS001_001_searchByDepartingAndDesitnationAndDepartingDateAndReturnDateAnd7Travellers(HAS001_002_Holiday_Activities_Search_Only.java:16)
... Removed 32 stack frames]]>
    </failure>
  </testcase> <!-- CHS001_001_searchByDepartingAndDesitnationAndDepartingDateAndReturnDateAnd7Travellers -->
  <testcase classname="com.w2a.testcases.holiday_activities_search.HAS001_003_Holiday_Activities_Search_Only" name="CHS001_001_searchByDepartingAndDesitnationAndDepartingDateAndReturnDateAnd7Travellers" time="10.585"/>
</testsuite> <!-- Holiday_Activities_Search_Test -->
